2013-08-11 16:32:35 org.catais.avdpool.App [INFO] Start: Sun Aug 11 16:32:35 CEST 2013
2013-08-11 16:32:35 org.catais.avdpool.utils.ReadProperties [DEBUG] dbhost: localhost
2013-08-11 16:32:35 org.catais.avdpool.utils.ReadProperties [DEBUG] dbport: 5432
2013-08-11 16:32:35 org.catais.avdpool.utils.ReadProperties [DEBUG] dbname: xanadu2_test
2013-08-11 16:32:35 org.catais.avdpool.utils.ReadProperties [DEBUG] dbschema: av_avdpool_ch
2013-08-11 16:32:35 org.catais.avdpool.utils.ReadProperties [DEBUG] dbuser: mspublic
2013-08-11 16:32:35 org.catais.avdpool.utils.ReadProperties [DEBUG] dbpwd: mspublic
2013-08-11 16:32:35 org.catais.avdpool.utils.ReadProperties [DEBUG] dbadmin: stefan
2013-08-11 16:32:35 org.catais.avdpool.utils.ReadProperties [DEBUG] dbadminpwd: ziegler12
2013-08-11 16:32:35 org.catais.avdpool.App [DEBUG] {dbschema=av_avdpool_ch, tmpdstdir=/home/stefan/tmp/itf/destination_tmp/, dstdir=/home/stefan/tmp/itf/destination/, dbadmin=stefan, dbhost=localhost, dbport=5432, dbname=xanadu2_test, dbpwd=mspublic, dbadminpwd=ziegler12, dbuser=mspublic, sqlite=../../sqlite/av_avdpool_ch.sqlite}
2013-08-11 16:32:35 org.catais.avdpool.App [DEBUG] {285901=285901, 246201=246201, 136401=136401, 136101=136101, 244901=244901, 136501=136501, 257201=257201, 276801=276801, 136301=136301, 163101=163101, 278101=278101, 282901=282901, 132101=132101, 254301=254301, 136201=136201, 134101=134101, 244601=244601, 257601=257601, 133101=133101, 270201=270201, 254101=254101, 254201=254201, 277101=277101, 261501=261501, 134501=134501, 254401=254401, 258201=258201, 244501=244501, 244401=244401, 254501=254501, 283301=283301, 251101=251101, 254901=254901, 245301=245301, 245001=245001, 260101=260101, 283001=283001, 134901=134901, 283201=283201, 254801=254801, 288301=288301, 254701=254701, 251401=251401, 254601=254601, 283401=283401, 261901=261901, 251301=251301, 257901=257901, 288201=288201, 251701=251701, 249701=249701, 246101=246101, 277301=277301, 288701=288701, 288601=288601, 249301=249301, 285701=285701, 249801=249801, 250201=250201, 246301=246301, 249501=249501, 285501=285501, 249901=249901, 250301=250301, 258601=258601, 277501=277501, 279001=279001, 255301=255301, 278901=278901, 255401=255401, 278801=278801, 163001=163001, 277001=277001, 163201=163201, 252301=252301, 284801=284801, 270101=270101, 247401=247401, 261401=261401, 134601=134601, 261601=261601, 285101=285101, 134401=134401, 285201=285201, 137301=137301, 134201=134201, 252701=252701, 257801=257801, 251801=251801, 242501=242501, 137001=137001, 134801=134801, 137401=137401, 252801=252801, 131101=131101, 282301=282301, 242901=242901, 286201=286201, 251601=251601, 284401=284401, 282401=282401, 240101=240101, 261801=261801, 286601=286601, 240501=240501, 262101=262101, 240401=240401, 261201=261201, 277401=277401, 249101=249101, 285601=285601, 246401=246401, 261101=261101, 278501=278501, 248001=248001, 242101=242101, 276401=276401, 247801=247801, 278401=278401, 240801=240801, 247301=247301, 286901=286901, 257401=257401, 248101=248101, 134301=134301, 286701=286701, 279201=279201, 286801=286801, 247101=247101, 279101=279101, 261301=261301, 284901=284901, 240601=240601, 252001=252001, 261701=261701, 284301=284301, 284201=284201, 286001=286001, 242801=242801, 252401=252401, 284501=284501, 282801=282801, 284701=284701, 134701=134701, 282701=282701, 253401=253401, 252601=252601, 284101=284101, 279301=279301, 242601=242601, 252901=252901, 258401=258401, 247901=247901, 286301=286301, 242201=242201, 258501=258501, 253001=253001, 247701=247701, 258001=258001, 276301=276301, 251901=251901, 276101=276101, 247501=247501, 242401=242401, 253201=253201, 286501=286501, 255001=255001, 132301=132301, 245601=245601, 276501=276501, 288401=288401, 245701=245701, 245801=245801, 245501=245501, 132201=132201, 288501=288501, 245201=245201, 262001=262001, 137501=137501, 276701=276701, 288101=288101, 250101=250101, 278601=278601, 285401=285401, 240701=240701, 257301=257301, 278701=278701, 285301=285301, 250001=250001, 130101=130101, 257501=257501, 285801=285801, 288801=288801, 289201=289201, 288901=288901, 249201=249201, 270301=270301, 262201=262201, 277201=277201, 257101=257101, 247201=247201, 258301=258301, 289101=289101, 253501=253501, 252501=252501, 255101=255101, 284601=284601, 286101=286101, 289001=289001, 137101=137101, 285001=285001, 283101=283101, 255601=255601, 242701=242701, 255501=255501, 137201=137201, 136601=136601, 242301=242301, 258101=258101, 276201=276201, 289501=289501, 136701=136701, 247601=247601, 278201=278201, 282601=282601, 289301=289301, 136901=136901, 240301=240301, 289401=289401, 136801=136801, 240201=240201, 282501=282501, 286401=286401, 278301=278301, 282101=282101, 244101=244101, 282201=282201, 276901=276901, 276601=276601, 244201=244201}
2013-08-11 16:32:35 org.catais.avdpool.App [DEBUG] [{short_filename=ch_2549_l1.itf, bfsnr=2549, los=01, filename=/home/stefan/tmp/itf/destination_tmp//ch_2549_l1.itf}]
2013-08-11 16:32:35 org.catais.avdpool.App [DEBUG] {short_filename=ch_2549_l1.itf, bfsnr=2549, los=01, filename=/home/stefan/tmp/itf/destination_tmp//ch_2549_l1.itf}
2013-08-11 16:32:35 org.catais.avdpool.interlis.IliReader [DEBUG] dbhost: localhost
2013-08-11 16:32:35 org.catais.avdpool.interlis.IliReader [DEBUG] dbport: 5432
2013-08-11 16:32:35 org.catais.avdpool.interlis.IliReader [DEBUG] dbport: xanadu2_test
2013-08-11 16:32:35 org.catais.avdpool.interlis.IliReader [DEBUG] dbschema: av_avdpool_ch
2013-08-11 16:32:35 org.catais.avdpool.interlis.IliReader [DEBUG] dbuser: mspublic
2013-08-11 16:32:35 org.catais.avdpool.interlis.IliReader [DEBUG] dbpwd: mspublic
2013-08-11 16:32:35 org.catais.avdpool.interlis.IliReader [DEBUG] dbadmin: stefan
2013-08-11 16:32:35 org.catais.avdpool.interlis.IliReader [DEBUG] dbadminpwd: ziegler12
2013-08-11 16:32:35 org.catais.avdpool.interlis.IliReader [DEBUG] Interlis model name: DM01AVCH24D
2013-08-11 16:32:36 org.catais.avdpool.interlis.IliReader [DEBUG] interlis model compiled
2013-08-11 16:32:36 org.catais.avdpool.interlis.IliReader [DEBUG] Deleting data from fixpunktekategorie1_lfp1nachfuehrung (2549, 0)
2013-08-11 16:32:37 org.catais.avdpool.interlis.IliReader [DEBUG] Deleting data from fixpunktekategorie1_lfp1 (2549, 0)
2013-08-11 16:32:37 org.catais.avdpool.interlis.IliReader [DEBUG] Deleting data from fixpunktekategorie1_lfp1pos (2549, 0)
2013-08-11 16:32:37 org.catais.avdpool.interlis.IliReader [DEBUG] Deleting data from fixpunktekategorie1_lfp1symbol (2549, 0)
2013-08-11 16:32:37 org.catais.avdpool.interlis.IliReader [DEBUG] Deleting data from fixpunktekategorie1_hfp1nachfuehrung (2549, 0)
2013-08-11 16:32:37 org.catais.avdpool.interlis.IliReader [DEBUG] Deleting data from fixpunktekategorie1_hfp1 (2549, 0)
2013-08-11 16:32:37 org.catais.avdpool.interlis.IliReader [DEBUG] Deleting data from fixpunktekategorie1_hfp1pos (2549, 0)
2013-08-11 16:32:37 org.catais.avdpool.interlis.IliReader [DEBUG] Deleting data from fixpunktekategorie2_lfp2nachfuehrung (2549, 0)
2013-08-11 16:32:37 org.catais.avdpool.interlis.IliReader [DEBUG] Deleting data from fixpunktekategorie2_lfp2 (2549, 0)
2013-08-11 16:32:37 org.catais.avdpool.interlis.IliReader [DEBUG] Deleting data from fixpunktekategorie2_lfp2pos (2549, 0)
2013-08-11 16:32:37 org.catais.avdpool.interlis.IliReader [DEBUG] Deleting data from fixpunktekategorie2_lfp2symbol (2549, 0)
2013-08-11 16:32:37 org.catais.avdpool.interlis.IliReader [DEBUG] Deleting data from fixpunktekategorie2_hfp2nachfuehrung (2549, 0)
2013-08-11 16:32:37 org.catais.avdpool.interlis.IliReader [DEBUG] Deleting data from fixpunktekategorie2_hfp2 (2549, 0)
2013-08-11 16:32:37 org.catais.avdpool.interlis.IliReader [DEBUG] Deleting data from fixpunktekategorie2_hfp2pos (2549, 0)
2013-08-11 16:32:37 org.catais.avdpool.interlis.IliReader [DEBUG] Deleting data from fixpunktekategorie3_lfp3nachfuehrung (2549, 0)
2013-08-11 16:32:37 org.catais.avdpool.interlis.IliReader [DEBUG] Deleting data from fixpunktekategorie3_lfp3 (2549, 0)
2013-08-11 16:32:37 org.catais.avdpool.interlis.IliReader [DEBUG] Deleting data from fixpunktekategorie3_lfp3pos (2549, 0)
2013-08-11 16:32:37 org.catais.avdpool.interlis.IliReader [DEBUG] Deleting data from fixpunktekategorie3_lfp3symbol (2549, 0)
2013-08-11 16:32:37 org.catais.avdpool.interlis.IliReader [DEBUG] Deleting data from fixpunktekategorie3_hfp3nachfuehrung (2549, 0)
2013-08-11 16:32:37 org.catais.avdpool.interlis.IliReader [DEBUG] Deleting data from fixpunktekategorie3_hfp3 (2549, 0)
2013-08-11 16:32:37 org.catais.avdpool.interlis.IliReader [DEBUG] Deleting data from fixpunktekategorie3_hfp3pos (2549, 0)
2013-08-11 16:32:37 org.catais.avdpool.interlis.IliReader [DEBUG] Deleting data from bodenbedeckung_bbnachfuehrung (2549, 0)
2013-08-11 16:32:38 org.catais.avdpool.interlis.IliReader [DEBUG] Deleting data from bodenbedeckung_projboflaeche (2549, 0)
2013-08-11 16:32:38 org.catais.avdpool.interlis.IliReader [DEBUG] Deleting data from bodenbedeckung_projgebaeudenummer (2549, 0)
2013-08-11 16:32:38 org.catais.avdpool.interlis.IliReader [DEBUG] Deleting data from bodenbedeckung_projgebaeudenummerpos (2549, 0)
2013-08-11 16:32:38 org.catais.avdpool.interlis.IliReader [DEBUG] Deleting data from bodenbedeckung_projobjektname (2549, 0)
2013-08-11 16:32:38 org.catais.avdpool.interlis.IliReader [DEBUG] Deleting data from bodenbedeckung_projobjektnamepos (2549, 0)
2013-08-11 16:32:38 org.catais.avdpool.interlis.IliReader [DEBUG] Deleting data from bodenbedeckung_projboflaechesymbol (2549, 0)
2013-08-11 16:32:38 org.catais.avdpool.interlis.IliReader [DEBUG] Deleting data from bodenbedeckung_boflaeche (2549, 0)
2013-08-11 16:32:38 org.catais.avdpool.interlis.IliReader [DEBUG] Deleting data from bodenbedeckung_gebaeudenummer (2549, 0)
2013-08-11 16:32:38 org.catais.avdpool.interlis.IliReader [DEBUG] Deleting data from bodenbedeckung_gebaeudenummerpos (2549, 0)
2013-08-11 16:32:38 org.catais.avdpool.interlis.IliReader [DEBUG] Deleting data from bodenbedeckung_objektname (2549, 0)
2013-08-11 16:32:38 org.catais.avdpool.interlis.IliReader [DEBUG] Deleting data from bodenbedeckung_objektnamepos (2549, 0)
2013-08-11 16:32:38 org.catais.avdpool.interlis.IliReader [DEBUG] Deleting data from bodenbedeckung_boflaechesymbol (2549, 0)
2013-08-11 16:32:38 org.catais.avdpool.interlis.IliReader [DEBUG] Deleting data from bodenbedeckung_einzelpunkt (2549, 0)
2013-08-11 16:32:38 org.catais.avdpool.interlis.IliReader [DEBUG] Deleting data from bodenbedeckung_einzelpunktpos (2549, 0)
2013-08-11 16:32:38 org.catais.avdpool.interlis.IliReader [DEBUG] Deleting data from einzelobjekte_eonachfuehrung (2549, 0)
2013-08-11 16:32:38 org.catais.avdpool.interlis.IliReader [DEBUG] Deleting data from einzelobjekte_einzelobjekt (2549, 0)
2013-08-11 16:32:38 org.catais.avdpool.interlis.IliReader [DEBUG] Deleting data from einzelobjekte_flaechenelement (2549, 0)
2013-08-11 16:32:38 org.catais.avdpool.interlis.IliReader [DEBUG] Deleting data from einzelobjekte_flaechenelementsymbol (2549, 0)
2013-08-11 16:32:38 org.catais.avdpool.interlis.IliReader [DEBUG] Deleting data from einzelobjekte_linienelement (2549, 0)
2013-08-11 16:32:38 org.catais.avdpool.interlis.IliReader [DEBUG] Deleting data from einzelobjekte_linienelementsymbol (2549, 0)
2013-08-11 16:32:38 org.catais.avdpool.interlis.IliReader [DEBUG] Deleting data from einzelobjekte_punktelement (2549, 0)
2013-08-11 16:32:38 org.catais.avdpool.interlis.IliReader [DEBUG] Deleting data from einzelobjekte_objektname (2549, 0)
2013-08-11 16:32:38 org.catais.avdpool.interlis.IliReader [DEBUG] Deleting data from einzelobjekte_objektnamepos (2549, 0)
2013-08-11 16:32:38 org.catais.avdpool.interlis.IliReader [DEBUG] Deleting data from einzelobjekte_objektnummer (2549, 0)
2013-08-11 16:32:38 org.catais.avdpool.interlis.IliReader [DEBUG] Deleting data from einzelobjekte_objektnummerpos (2549, 0)
2013-08-11 16:32:38 org.catais.avdpool.interlis.IliReader [DEBUG] Deleting data from einzelobjekte_einzelpunkt (2549, 0)
2013-08-11 16:32:38 org.catais.avdpool.interlis.IliReader [DEBUG] Deleting data from einzelobjekte_einzelpunktpos (2549, 0)
2013-08-11 16:32:38 org.catais.avdpool.interlis.IliReader [DEBUG] Deleting data from hoehen_honachfuehrung (2549, 0)
2013-08-11 16:32:39 org.catais.avdpool.interlis.IliReader [DEBUG] Deleting data from hoehen_hoehenpunkt (2549, 0)
2013-08-11 16:32:39 org.catais.avdpool.interlis.IliReader [DEBUG] Deleting data from hoehen_hoehenpunktpos (2549, 0)
2013-08-11 16:32:39 org.catais.avdpool.interlis.IliReader [DEBUG] Deleting data from hoehen_gelaendekante (2549, 0)
2013-08-11 16:32:39 org.catais.avdpool.interlis.IliReader [DEBUG] Deleting data from hoehen_aussparung (2549, 0)
2013-08-11 16:32:39 org.catais.avdpool.interlis.IliReader [DEBUG] Deleting data from nomenklatur_nknachfuehrung (2549, 0)
2013-08-11 16:32:39 org.catais.avdpool.interlis.IliReader [DEBUG] Deleting data from nomenklatur_flurname (2549, 0)
2013-08-11 16:32:39 org.catais.avdpool.interlis.IliReader [DEBUG] Deleting data from nomenklatur_flurnamepos (2549, 0)
2013-08-11 16:32:39 org.catais.avdpool.interlis.IliReader [DEBUG] Deleting data from nomenklatur_ortsname (2549, 0)
2013-08-11 16:32:39 org.catais.avdpool.interlis.IliReader [DEBUG] Deleting data from nomenklatur_ortsnamepos (2549, 0)
2013-08-11 16:32:39 org.catais.avdpool.interlis.IliReader [DEBUG] Deleting data from nomenklatur_gelaendename (2549, 0)
2013-08-11 16:32:39 org.catais.avdpool.interlis.IliReader [DEBUG] Deleting data from nomenklatur_gelaendenamepos (2549, 0)
2013-08-11 16:32:39 org.catais.avdpool.interlis.IliReader [DEBUG] Deleting data from liegenschaften_lsnachfuehrung (2549, 0)
2013-08-11 16:32:39 org.catais.avdpool.interlis.IliReader [DEBUG] Deleting data from liegenschaften_grenzpunkt (2549, 0)
2013-08-11 16:32:39 org.catais.avdpool.interlis.IliReader [DEBUG] Deleting data from liegenschaften_grenzpunktpos (2549, 0)
2013-08-11 16:32:39 org.catais.avdpool.interlis.IliReader [DEBUG] Deleting data from liegenschaften_grenzpunktsymbol (2549, 0)
2013-08-11 16:32:39 org.catais.avdpool.interlis.IliReader [DEBUG] Deleting data from liegenschaften_projgrundstueck (2549, 0)
2013-08-11 16:32:39 org.catais.avdpool.interlis.IliReader [DEBUG] Deleting data from liegenschaften_projgrundstueckpos (2549, 0)
2013-08-11 16:32:39 org.catais.avdpool.interlis.IliReader [DEBUG] Deleting data from liegenschaften_lineattrib1 (2549, 0)
2013-08-11 16:32:39 org.catais.avdpool.interlis.IliReader [DEBUG] Deleting data from liegenschaften_projliegenschaft (2549, 0)
2013-08-11 16:32:39 org.catais.avdpool.interlis.IliReader [DEBUG] Deleting data from liegenschaften_lineattrib2 (2549, 0)
2013-08-11 16:32:39 org.catais.avdpool.interlis.IliReader [DEBUG] Deleting data from liegenschaften_projselbstrecht (2549, 0)
2013-08-11 16:32:39 org.catais.avdpool.interlis.IliReader [DEBUG] Deleting data from liegenschaften_lineattrib3 (2549, 0)
2013-08-11 16:32:39 org.catais.avdpool.interlis.IliReader [DEBUG] Deleting data from liegenschaften_projbergwerk (2549, 0)
2013-08-11 16:32:39 org.catais.avdpool.interlis.IliReader [DEBUG] Deleting data from liegenschaften_grundstueck (2549, 0)
2013-08-11 16:32:39 org.catais.avdpool.interlis.IliReader [DEBUG] Deleting data from liegenschaften_grundstueckpos (2549, 0)
2013-08-11 16:32:39 org.catais.avdpool.interlis.IliReader [DEBUG] Deleting data from liegenschaften_lineattrib4 (2549, 0)
2013-08-11 16:32:39 org.catais.avdpool.interlis.IliReader [DEBUG] Deleting data from liegenschaften_liegenschaft (2549, 0)
2013-08-11 16:32:40 org.catais.avdpool.interlis.IliReader [DEBUG] Deleting data from liegenschaften_lineattrib5 (2549, 0)
2013-08-11 16:32:40 org.catais.avdpool.interlis.IliReader [DEBUG] Deleting data from liegenschaften_selbstrecht (2549, 0)
2013-08-11 16:32:40 org.catais.avdpool.interlis.IliReader [DEBUG] Deleting data from liegenschaften_lineattrib6 (2549, 0)
2013-08-11 16:32:40 org.catais.avdpool.interlis.IliReader [DEBUG] Deleting data from liegenschaften_bergwerk (2549, 0)
2013-08-11 16:32:40 org.catais.avdpool.interlis.IliReader [DEBUG] Deleting data from rohrleitungen_rlnachfuehrung (2549, 0)
2013-08-11 16:32:40 org.catais.avdpool.interlis.IliReader [DEBUG] Deleting data from rohrleitungen_leitungsobjekt (2549, 0)
2013-08-11 16:32:40 org.catais.avdpool.interlis.IliReader [DEBUG] Deleting data from rohrleitungen_leitungsobjektpos (2549, 0)
2013-08-11 16:32:40 org.catais.avdpool.interlis.IliReader [DEBUG] Deleting data from rohrleitungen_lineattrib7 (2549, 0)
2013-08-11 16:32:40 org.catais.avdpool.interlis.IliReader [DEBUG] Deleting data from rohrleitungen_flaechenelement (2549, 0)
2013-08-11 16:32:40 org.catais.avdpool.interlis.IliReader [DEBUG] Deleting data from rohrleitungen_linienelement (2549, 0)
2013-08-11 16:32:40 org.catais.avdpool.interlis.IliReader [DEBUG] Deleting data from rohrleitungen_punktelement (2549, 0)
2013-08-11 16:32:40 org.catais.avdpool.interlis.IliReader [DEBUG] Deleting data from rohrleitungen_signalpunkt (2549, 0)
2013-08-11 16:32:40 org.catais.avdpool.interlis.IliReader [DEBUG] Deleting data from rohrleitungen_signalpunktpos (2549, 0)
2013-08-11 16:32:40 org.catais.avdpool.interlis.IliReader [DEBUG] Deleting data from rohrleitungen_einzelpunkt (2549, 0)
2013-08-11 16:32:40 org.catais.avdpool.interlis.IliReader [DEBUG] Deleting data from rohrleitungen_einzelpunktpos (2549, 0)
2013-08-11 16:32:40 org.catais.avdpool.interlis.IliReader [DEBUG] Deleting data from nummerierungsbereiche_nummerierungsbereich (2549, 0)
2013-08-11 16:32:40 org.catais.avdpool.interlis.IliReader [DEBUG] Deleting data from nummerierungsbereiche_nbgeometrie (2549, 0)
2013-08-11 16:32:40 org.catais.avdpool.interlis.IliReader [DEBUG] Deleting data from nummerierungsbereiche_nummerierungsbereichpos (2549, 0)
2013-08-11 16:32:40 org.catais.avdpool.interlis.IliReader [DEBUG] Deleting data from gemeindegrenzen_gemnachfuehrung (2549, 0)
2013-08-11 16:32:40 org.catais.avdpool.interlis.IliReader [DEBUG] Deleting data from gemeindegrenzen_hoheitsgrenzpunkt (2549, 0)
2013-08-11 16:32:40 org.catais.avdpool.interlis.IliReader [DEBUG] Deleting data from gemeindegrenzen_hoheitsgrenzpunktpos (2549, 0)
2013-08-11 16:32:40 org.catais.avdpool.interlis.IliReader [DEBUG] Deleting data from gemeindegrenzen_hoheitsgrenzpunktsymbol (2549, 0)
2013-08-11 16:32:41 org.catais.avdpool.interlis.IliReader [DEBUG] Deleting data from gemeindegrenzen_gemeinde (2549, 0)
2013-08-11 16:32:41 org.catais.avdpool.interlis.IliReader [DEBUG] Deleting data from gemeindegrenzen_projgemeindegrenze (2549, 0)
2013-08-11 16:32:41 org.catais.avdpool.interlis.IliReader [DEBUG] Deleting data from gemeindegrenzen_lineattrib8 (2549, 0)
2013-08-11 16:32:41 org.catais.avdpool.interlis.IliReader [DEBUG] Deleting data from gemeindegrenzen_gemeindegrenze (2549, 0)
2013-08-11 16:32:41 org.catais.avdpool.interlis.IliReader [DEBUG] Deleting data from bezirksgrenzen_bezirksgrenzabschnitt (2549, 0)
2013-08-11 16:32:41 org.catais.avdpool.interlis.IliReader [DEBUG] Deleting data from kantonsgrenzen_kantonsgrenzabschnitt (2549, 0)
2013-08-11 16:32:41 org.catais.avdpool.interlis.IliReader [DEBUG] Deleting data from landesgrenzen_landesgrenzabschnitt (2549, 0)
2013-08-11 16:32:41 org.catais.avdpool.interlis.IliReader [DEBUG] Deleting data from planeinteilungen_plan (2549, 0)
2013-08-11 16:32:41 org.catais.avdpool.interlis.IliReader [DEBUG] Deleting data from planeinteilungen_plangeometrie (2549, 0)
2013-08-11 16:32:41 org.catais.avdpool.interlis.IliReader [DEBUG] Deleting data from planeinteilungen_planpos (2549, 0)
2013-08-11 16:32:41 org.catais.avdpool.interlis.IliReader [DEBUG] Deleting data from tseinteilung_toleranzstufe (2549, 0)
2013-08-11 16:32:41 org.catais.avdpool.interlis.IliReader [DEBUG] Deleting data from tseinteilung_toleranzstufepos (2549, 0)
2013-08-11 16:32:41 org.catais.avdpool.interlis.IliReader [DEBUG] Deleting data from rutschgebiete_rutschung (2549, 0)
2013-08-11 16:32:41 org.catais.avdpool.interlis.IliReader [DEBUG] Deleting data from rutschgebiete_rutschungpos (2549, 0)
2013-08-11 16:32:41 org.catais.avdpool.interlis.IliReader [DEBUG] Deleting data from plzortschaft_osnachfuehrung (2549, 0)
2013-08-11 16:32:41 org.catais.avdpool.interlis.IliReader [DEBUG] Deleting data from plzortschaft_ortschaftsverbund (2549, 0)
2013-08-11 16:32:41 org.catais.avdpool.interlis.IliReader [DEBUG] Deleting data from plzortschaft_ortschaftsverbundtext (2549, 0)
2013-08-11 16:32:41 org.catais.avdpool.interlis.IliReader [DEBUG] Deleting data from plzortschaft_ortschaft (2549, 0)
2013-08-11 16:32:41 org.catais.avdpool.interlis.IliReader [DEBUG] Deleting data from plzortschaft_ortschaftsname (2549, 0)
2013-08-11 16:32:41 org.catais.avdpool.interlis.IliReader [DEBUG] Deleting data from plzortschaft_plz6nachfuehrung (2549, 0)
2013-08-11 16:32:41 org.catais.avdpool.interlis.IliReader [DEBUG] Deleting data from plzortschaft_plz6 (2549, 0)
2013-08-11 16:32:41 org.catais.avdpool.interlis.IliReader [DEBUG] Deleting data from gebaeudeadressen_gebnachfuehrung (2549, 0)
2013-08-11 16:32:41 org.catais.avdpool.interlis.IliReader [DEBUG] Deleting data from gebaeudeadressen_lokalisation (2549, 0)
2013-08-11 16:32:41 org.catais.avdpool.interlis.IliReader [DEBUG] Deleting data from gebaeudeadressen_lokalisationsname (2549, 0)
2013-08-11 16:32:41 org.catais.avdpool.interlis.IliReader [DEBUG] Deleting data from gebaeudeadressen_lokalisationsnamepos (2549, 0)
2013-08-11 16:32:42 org.catais.avdpool.interlis.IliReader [DEBUG] Deleting data from gebaeudeadressen_benanntesgebiet (2549, 0)
2013-08-11 16:32:42 org.catais.avdpool.interlis.IliReader [DEBUG] Deleting data from gebaeudeadressen_strassenstueck (2549, 0)
2013-08-11 16:32:42 org.catais.avdpool.interlis.IliReader [DEBUG] Deleting data from gebaeudeadressen_gebaeudeeingang (2549, 0)
2013-08-11 16:32:42 org.catais.avdpool.interlis.IliReader [DEBUG] Deleting data from gebaeudeadressen_hausnummerpos (2549, 0)
2013-08-11 16:32:42 org.catais.avdpool.interlis.IliReader [DEBUG] Deleting data from gebaeudeadressen_gebaeudename (2549, 0)
2013-08-11 16:32:42 org.catais.avdpool.interlis.IliReader [DEBUG] Deleting data from gebaeudeadressen_gebaeudenamepos (2549, 0)
2013-08-11 16:32:42 org.catais.avdpool.interlis.IliReader [DEBUG] Deleting data from gebaeudeadressen_gebaeudebeschreibung (2549, 0)
2013-08-11 16:32:42 org.catais.avdpool.interlis.IliReader [DEBUG] Deleting data from planrahmen_planlayout (2549, 0)
2013-08-11 16:32:42 org.catais.avdpool.interlis.IliReader [DEBUG] Deleting data from planrahmen_planbeschriftung (2549, 0)
2013-08-11 16:32:42 org.catais.avdpool.interlis.IliReader [DEBUG] Deleting data from planrahmen_planbeschriftungpos (2549, 0)
2013-08-11 16:32:42 org.catais.avdpool.interlis.IliReader [DEBUG] Deleting data from planrahmen_koordinatenanschrift (2549, 0)
2013-08-11 16:32:42 org.catais.avdpool.interlis.IliReader [DEBUG] Deleting data from planrahmen_koordinatenanschriftpos (2549, 0)
2013-08-11 16:32:42 org.catais.avdpool.interlis.IliReader [DEBUG] Deleting data from planrahmen_linienobjekt (2549, 0)
2013-08-11 16:32:42 org.catais.avdpool.interlis.IliReader [DEBUG] Deleting data from planrahmen_koordinatenlinie (2549, 0)
2013-08-11 16:32:42 org.catais.avdpool.interlis.IliReader [DEBUG] Deleting data from planrahmen_darstellungsflaeche (2549, 0)
2013-08-11 16:32:42 org.catais.avdpool.interlis.IliReader [DEBUG] Deleting data from planrahmen_planlayoutsymbol (2549, 0)
2013-08-11 16:32:42 org.catais.avdpool.interlis.IliReader [DEBUG] Deleting data from planrahmen_netzkreuz (2549, 0)
2013-08-11 16:32:42 org.catais.avdpool.App [INFO] Start Reindexing...
2013-08-11 16:32:42 org.catais.avdpool.App [INFO] End Reindexing.
2013-08-11 16:32:42 org.catais.avdpool.App [INFO] Start Vacuum...
2013-08-11 16:32:42 org.catais.avdpool.App [INFO] End Vacuum.
2013-08-11 16:32:42 org.catais.avdpool.App [INFO] Ende: Sun Aug 11 16:32:42 CEST 2013
